Analysis & Elaboration report for VGA
Wed Jun 20 11:16:24 2018
Quartus II 64-Bit Version 13.0.1 Build 232 06/12/2013 Service Pack 1 SJ Web Edition


---------------------
; Table of Contents ;
---------------------
  1. Legal Notice
  2. Analysis & Elaboration Summary
  3. Parallel Compilation
  4. Analysis & Elaboration Settings
  5. Port Connectivity Checks: "Counter_sync:DUT2"
  6. Port Connectivity Checks: "Counter_sync:DUT1"
  7. Analysis & Elaboration Messages



----------------
; Legal Notice ;
----------------
Copyright (C) 1991-2013 Altera Corporation
Your use of Altera Corporation's design tools, logic functions 
and other software and tools, and its AMPP partner logic 
functions, and any output files from any of the foregoing 
(including device programming or simulation files), and any 
associated documentation or information are expressly subject 
to the terms and conditions of the Altera Program License 
Subscription Agreement, Altera MegaCore Function License 
Agreement, or other applicable license agreement, including, 
without limitation, that your use is for the sole purpose of 
programming logic devices manufactured by Altera and sold by 
Altera or its authorized distributors.  Please refer to the 
applicable agreement for further details.



+--------------------------------------------------------------------------------------+
; Analysis & Elaboration Summary                                                       ;
+------------------------------------+-------------------------------------------------+
; Analysis & Elaboration Status      ; Successful - Wed Jun 20 11:16:24 2018           ;
; Quartus II 64-Bit Version          ; 13.0.1 Build 232 06/12/2013 SP 1 SJ Web Edition ;
; Revision Name                      ; VGA                                             ;
; Top-level Entity Name              ; Top_sync                                        ;
; Family                             ; Cyclone IV GX                                   ;
; Total logic elements               ; N/A until Partition Merge                       ;
;     Total combinational functions  ; N/A until Partition Merge                       ;
;     Dedicated logic registers      ; N/A until Partition Merge                       ;
; Total registers                    ; N/A until Partition Merge                       ;
; Total pins                         ; N/A until Partition Merge                       ;
; Total virtual pins                 ; N/A until Partition Merge                       ;
; Total memory bits                  ; N/A until Partition Merge                       ;
; Embedded Multiplier 9-bit elements ; N/A until Partition Merge                       ;
; Total GXB Receiver Channel PCS     ; N/A until Partition Merge                       ;
; Total GXB Receiver Channel PMA     ; N/A until Partition Merge                       ;
; Total GXB Transmitter Channel PCS  ; N/A until Partition Merge                       ;
; Total GXB Transmitter Channel PMA  ; N/A until Partition Merge                       ;
; Total PLLs                         ; N/A until Partition Merge                       ;
+------------------------------------+-------------------------------------------------+


Parallel compilation was disabled, but you have multiple processors available. Enable parallel compilation to reduce compilation time.
+-------------------------------------+
; Parallel Compilation                ;
+----------------------------+--------+
; Processors                 ; Number ;
+----------------------------+--------+
; Number detected on machine ; 8      ;
; Maximum allowed            ; 1      ;
+----------------------------+--------+


+----------------------------------------------------------------------------------------------------------------------+
; Analysis & Elaboration Settings                                                                                      ;
+----------------------------------------------------------------------------+--------------------+--------------------+
; Option                                                                     ; Setting            ; Default Value      ;
+----------------------------------------------------------------------------+--------------------+--------------------+
; Top-level entity name                                                      ; Top_sync           ; VGA                ;
; Family name                                                                ; Cyclone IV GX      ; Cyclone IV GX      ;
; Use smart compilation                                                      ; Off                ; Off                ;
; Enable parallel Assembler and TimeQuest Timing Analyzer during compilation ; On                 ; On                 ;
; Enable compact report table                                                ; Off                ; Off                ;
; Restructure Multiplexers                                                   ; Auto               ; Auto               ;
; Create Debugging Nodes for IP Cores                                        ; Off                ; Off                ;
; Preserve fewer node names                                                  ; On                 ; On                 ;
; Disable OpenCore Plus hardware evaluation                                  ; Off                ; Off                ;
; Verilog Version                                                            ; Verilog_2001       ; Verilog_2001       ;
; VHDL Version                                                               ; VHDL_1993          ; VHDL_1993          ;
; State Machine Processing                                                   ; Auto               ; Auto               ;
; Safe State Machine                                                         ; Off                ; Off                ;
; Extract Verilog State Machines                                             ; On                 ; On                 ;
; Extract VHDL State Machines                                                ; On                 ; On                 ;
; Ignore Verilog initial constructs                                          ; Off                ; Off                ;
; Iteration limit for constant Verilog loops                                 ; 5000               ; 5000               ;
; Iteration limit for non-constant Verilog loops                             ; 250                ; 250                ;
; Add Pass-Through Logic to Inferred RAMs                                    ; On                 ; On                 ;
; Infer RAMs from Raw Logic                                                  ; On                 ; On                 ;
; Parallel Synthesis                                                         ; On                 ; On                 ;
; DSP Block Balancing                                                        ; Auto               ; Auto               ;
; NOT Gate Push-Back                                                         ; On                 ; On                 ;
; Power-Up Don't Care                                                        ; On                 ; On                 ;
; Remove Redundant Logic Cells                                               ; Off                ; Off                ;
; Remove Duplicate Registers                                                 ; On                 ; On                 ;
; Ignore CARRY Buffers                                                       ; Off                ; Off                ;
; Ignore CASCADE Buffers                                                     ; Off                ; Off                ;
; Ignore GLOBAL Buffers                                                      ; Off                ; Off                ;
; Ignore ROW GLOBAL Buffers                                                  ; Off                ; Off                ;
; Ignore LCELL Buffers                                                       ; Off                ; Off                ;
; Ignore SOFT Buffers                                                        ; On                 ; On                 ;
; Limit AHDL Integers to 32 Bits                                             ; Off                ; Off                ;
; Optimization Technique                                                     ; Balanced           ; Balanced           ;
; Carry Chain Length                                                         ; 70                 ; 70                 ;
; Auto Carry Chains                                                          ; On                 ; On                 ;
; Auto Open-Drain Pins                                                       ; On                 ; On                 ;
; Perform WYSIWYG Primitive Resynthesis                                      ; Off                ; Off                ;
; Auto ROM Replacement                                                       ; On                 ; On                 ;
; Auto RAM Replacement                                                       ; On                 ; On                 ;
; Auto DSP Block Replacement                                                 ; On                 ; On                 ;
; Auto Shift Register Replacement                                            ; Auto               ; Auto               ;
; Allow Shift Register Merging across Hierarchies                            ; Auto               ; Auto               ;
; Auto Clock Enable Replacement                                              ; On                 ; On                 ;
; Strict RAM Replacement                                                     ; Off                ; Off                ;
; Allow Synchronous Control Signals                                          ; On                 ; On                 ;
; Force Use of Synchronous Clear Signals                                     ; Off                ; Off                ;
; Auto RAM Block Balancing                                                   ; On                 ; On                 ;
; Auto RAM to Logic Cell Conversion                                          ; Off                ; Off                ;
; Auto Resource Sharing                                                      ; Off                ; Off                ;
; Allow Any RAM Size For Recognition                                         ; Off                ; Off                ;
; Allow Any ROM Size For Recognition                                         ; Off                ; Off                ;
; Allow Any Shift Register Size For Recognition                              ; Off                ; Off                ;
; Use LogicLock Constraints during Resource Balancing                        ; On                 ; On                 ;
; Ignore translate_off and synthesis_off directives                          ; Off                ; Off                ;
; Timing-Driven Synthesis                                                    ; On                 ; On                 ;
; Report Parameter Settings                                                  ; On                 ; On                 ;
; Report Source Assignments                                                  ; On                 ; On                 ;
; Report Connectivity Checks                                                 ; On                 ; On                 ;
; Ignore Maximum Fan-Out Assignments                                         ; Off                ; Off                ;
; Synchronization Register Chain Length                                      ; 2                  ; 2                  ;
; PowerPlay Power Optimization                                               ; Normal compilation ; Normal compilation ;
; HDL message level                                                          ; Level2             ; Level2             ;
; Suppress Register Optimization Related Messages                            ; Off                ; Off                ;
; Number of Removed Registers Reported in Synthesis Report                   ; 5000               ; 5000               ;
; Number of Swept Nodes Reported in Synthesis Report                         ; 5000               ; 5000               ;
; Number of Inverted Registers Reported in Synthesis Report                  ; 100                ; 100                ;
; Clock MUX Protection                                                       ; On                 ; On                 ;
; Auto Gated Clock Conversion                                                ; Off                ; Off                ;
; Block Design Naming                                                        ; Auto               ; Auto               ;
; SDC constraint protection                                                  ; Off                ; Off                ;
; Synthesis Effort                                                           ; Auto               ; Auto               ;
; Shift Register Replacement - Allow Asynchronous Clear Signal               ; On                 ; On                 ;
; Pre-Mapping Resynthesis Optimization                                       ; Off                ; Off                ;
; Analysis & Synthesis Message Level                                         ; Medium             ; Medium             ;
; Disable Register Merging Across Hierarchies                                ; Auto               ; Auto               ;
; Resource Aware Inference For Block RAM                                     ; On                 ; On                 ;
; Synthesis Seed                                                             ; 1                  ; 1                  ;
+----------------------------------------------------------------------------+--------------------+--------------------+


+----------------------------------------------------------------------------------------------------------------------------------------------------+
; Port Connectivity Checks: "Counter_sync:DUT2"                                                                                                      ;
+---------------------+--------+----------+----------------------------------------------------------------------------------------------------------+
; Port                ; Type   ; Severity ; Details                                                                                                  ;
+---------------------+--------+----------+----------------------------------------------------------------------------------------------------------+
; visible_area[8..5]  ; Input  ; Info     ; Stuck at VCC                                                                                             ;
; visible_area[11..9] ; Input  ; Info     ; Stuck at GND                                                                                             ;
; visible_area[4..0]  ; Input  ; Info     ; Stuck at GND                                                                                             ;
; front_porch[11..4]  ; Input  ; Info     ; Stuck at GND                                                                                             ;
; front_porch[3]      ; Input  ; Info     ; Stuck at VCC                                                                                             ;
; front_porch[2]      ; Input  ; Info     ; Stuck at GND                                                                                             ;
; front_porch[1]      ; Input  ; Info     ; Stuck at VCC                                                                                             ;
; front_porch[0]      ; Input  ; Info     ; Stuck at GND                                                                                             ;
; sync_pulse[11..2]   ; Input  ; Info     ; Stuck at GND                                                                                             ;
; sync_pulse[1]       ; Input  ; Info     ; Stuck at VCC                                                                                             ;
; sync_pulse[0]       ; Input  ; Info     ; Stuck at GND                                                                                             ;
; back_porch[11..6]   ; Input  ; Info     ; Stuck at GND                                                                                             ;
; back_porch[4..1]    ; Input  ; Info     ; Stuck at GND                                                                                             ;
; back_porch[5]       ; Input  ; Info     ; Stuck at VCC                                                                                             ;
; back_porch[0]       ; Input  ; Info     ; Stuck at VCC                                                                                             ;
; whole_line[3..2]    ; Input  ; Info     ; Stuck at VCC                                                                                             ;
; whole_line[11..10]  ; Input  ; Info     ; Stuck at GND                                                                                             ;
; whole_line[8..4]    ; Input  ; Info     ; Stuck at GND                                                                                             ;
; whole_line[9]       ; Input  ; Info     ; Stuck at VCC                                                                                             ;
; whole_line[1]       ; Input  ; Info     ; Stuck at GND                                                                                             ;
; whole_line[0]       ; Input  ; Info     ; Stuck at VCC                                                                                             ;
; Xpos                ; Output ; Warning  ; Declared by entity but not connected by instance. Logic that only feeds a dangling port will be removed. ;
; Ypos                ; Output ; Warning  ; Declared by entity but not connected by instance. Logic that only feeds a dangling port will be removed. ;
+---------------------+--------+----------+----------------------------------------------------------------------------------------------------------+


+-----------------------------------------------------------------------------------------------------------------------------------------------------+
; Port Connectivity Checks: "Counter_sync:DUT1"                                                                                                       ;
+----------------------+--------+----------+----------------------------------------------------------------------------------------------------------+
; Port                 ; Type   ; Severity ; Details                                                                                                  ;
+----------------------+--------+----------+----------------------------------------------------------------------------------------------------------+
; visible_area[11..10] ; Input  ; Info     ; Stuck at GND                                                                                             ;
; visible_area[6..0]   ; Input  ; Info     ; Stuck at GND                                                                                             ;
; visible_area[9]      ; Input  ; Info     ; Stuck at VCC                                                                                             ;
; visible_area[8]      ; Input  ; Info     ; Stuck at GND                                                                                             ;
; visible_area[7]      ; Input  ; Info     ; Stuck at VCC                                                                                             ;
; front_porch[11..5]   ; Input  ; Info     ; Stuck at GND                                                                                             ;
; front_porch[3..0]    ; Input  ; Info     ; Stuck at GND                                                                                             ;
; front_porch[4]       ; Input  ; Info     ; Stuck at VCC                                                                                             ;
; sync_pulse[6..5]     ; Input  ; Info     ; Stuck at VCC                                                                                             ;
; sync_pulse[11..7]    ; Input  ; Info     ; Stuck at GND                                                                                             ;
; sync_pulse[4..0]     ; Input  ; Info     ; Stuck at GND                                                                                             ;
; back_porch[5..4]     ; Input  ; Info     ; Stuck at VCC                                                                                             ;
; back_porch[11..6]    ; Input  ; Info     ; Stuck at GND                                                                                             ;
; back_porch[3..0]     ; Input  ; Info     ; Stuck at GND                                                                                             ;
; whole_line[9..8]     ; Input  ; Info     ; Stuck at VCC                                                                                             ;
; whole_line[11..10]   ; Input  ; Info     ; Stuck at GND                                                                                             ;
; whole_line[7..6]     ; Input  ; Info     ; Stuck at GND                                                                                             ;
; whole_line[4..0]     ; Input  ; Info     ; Stuck at GND                                                                                             ;
; whole_line[5]        ; Input  ; Info     ; Stuck at VCC                                                                                             ;
; Xpos                 ; Output ; Warning  ; Declared by entity but not connected by instance. Logic that only feeds a dangling port will be removed. ;
; Ypos                 ; Output ; Warning  ; Declared by entity but not connected by instance. Logic that only feeds a dangling port will be removed. ;
+----------------------+--------+----------+----------------------------------------------------------------------------------------------------------+


+---------------------------------+
; Analysis & Elaboration Messages ;
+---------------------------------+
Info: *******************************************************************
Info: Running Quartus II 64-Bit Analysis & Elaboration
    Info: Version 13.0.1 Build 232 06/12/2013 Service Pack 1 SJ Web Edition
    Info: Processing started: Wed Jun 20 11:16:24 2018
Info: Command: quartus_map --read_settings_files=on --write_settings_files=off VGA -c VGA --analysis_and_elaboration
Warning (20028): Parallel compilation is not licensed and has been disabled
Info (12021): Found 1 design units, including 1 entities, in source file Top_sync.v
    Info (12023): Found entity 1: Top_sync
Info (12021): Found 1 design units, including 1 entities, in source file Counter.v
    Info (12023): Found entity 1: Counter
Info (12021): Found 1 design units, including 1 entities, in source file Counter_sync.v
    Info (12023): Found entity 1: Counter_sync
Info (12021): Found 1 design units, including 1 entities, in source file Counter_tb.v
    Info (12023): Found entity 1: Counter_tb
Info (12127): Elaborating entity "Top_sync" for the top level hierarchy
Warning (10858): Verilog HDL warning at Top_sync.v(16): object mode used but never assigned
Warning (10030): Net "mode.0101" at Top_sync.v(16) has no driver or initial value, using a default initial value '0'
Warning (10034): Output port "Xpos" at Top_sync.v(9) has no driver
Warning (10034): Output port "Ypos" at Top_sync.v(10) has no driver
Info (12128): Elaborating entity "Counter_sync" for hierarchy "Counter_sync:DUT1"
Warning (10034): Output port "Xpos" at Counter_sync.v(9) has no driver
Warning (10034): Output port "Ypos" at Counter_sync.v(10) has no driver
Warning (12241): 2 hierarchies have connectivity warnings - see the Connectivity Checks report folder
Info: Quartus II 64-Bit Analysis & Elaboration was successful. 0 errors, 8 warnings
    Info: Peak virtual memory: 926 megabytes
    Info: Processing ended: Wed Jun 20 11:16:24 2018
    Info: Elapsed time: 00:00:00
    Info: Total CPU time (on all processors): 00:00:01


